<?xml version="1.0" encoding="UTF-8"?>
<!-- Generated by org.testng.reporters.JUnitReportReporter -->
<testsuite hostname="DESKTOP-DV4AI68" failures="0" tests="2" name="MSCFY.ChemistryFY" time="0.141" errors="0" timestamp="2024-09-23T11:00:29 GMT-05:00" skipped="0">
  <testcase classname="MSCFY.ChemistryFY" name="True" time="0.021"/>
  <system-out/>
  <testcase classname="MSCFY.ChemistryFY" name="False" time="0.120"/>
  <system-out/>
</testsuite> <!-- MSCFY.ChemistryFY -->
