<?xml version="1.0" encoding="UTF-8"?>
<!-- Generated by org.testng.reporters.JUnitReportReporter -->
<testsuite hostname="DESKTOP-DV4AI68" failures="0" tests="2" name="MSCFY.ChemistryFY" time="0.245" errors="0" timestamp="2024-09-23T12:46:23 GMT-05:00" skipped="0">
  <testcase classname="MSCFY.ChemistryFY" name="False" time="0.231"/>
  <testcase classname="MSCFY.ChemistryFY" name="True" time="0.014"/>
</testsuite> <!-- MSCFY.ChemistryFY -->
